111
2
9
35
37
36
38
173
116
179
112
177
110
34
175
39
42
174
120
43
178
56
57
50
200
45
181
109
188
194
49
186
55
114
47
185
46
59
187
115
58
143
131
117
54
148
151
133
189
142
195
135
184
136
145
199
139
146
61
113
129
183
68
191
182
150
118
134
140
190
196
75
176
80
197
119
84
86
85
87
180
97
192
93
171
125
166
124
132
152
193
130
102
88
160
198
157
98
92
159
99
170
153
89
137
147
128
161
101
100
106
138
91
158
127
154
96
103
95
144
168
122
164
126
149
123
105
141
121
155
162
163
169
172
165
167
156
107
104
94
90
81
82
78
83
76
74
79
70
77
66
65
72
64
1
3
4
5
6
7
8
10
11
12
13
14
15
16
17
18
19
20
21
22
23
24
25
26
27
28
29
30
31
32
33
40
41
44
48
51
52
53
60
62
63
67
69
71
73
108
