199
46
170
192
77
67
195
146
189
144
54
120
33
160
103
172
71
78
139
3
135
191
37
137
21
23
47
12
19
91
104
88
68
34
127
4
107
194
174
175
184
59
134
25
30
147
143
164
27
98
14
31
163
187
186
39
162
76
116
84
118
181
145
157
70
32
142
92
169
97
132
89
177
167
53
63
150
108
57
65
6
136
197
151
115
117
166
138
36
18
60
8
140
110
154
74
152
93
158
72
159
168
121
69
101
87
86
131
161
64
188
45
148
16
43
126
96
13
193
190
48
9
99
26
182
44
112
141
52
111
73
82
58
85
1
180
15
165
7
149
66
10
22
55
94
100
153
123
130
90
129
122
178
62
119
42
80
35
102
124
171
128
179
11
173
40
156
38
196
28
185
105
20
114
95
5
155
41
75
81
24
83
56
133
198
176
113
2
17
106
29
51
50
79
109
183
49
61
125
200
