188
110
142
71
198
81
181
143
197
74
151
87
55
186
115
177
132
169
145
182
97
199
140
117
76
113
167
51
130
146
126
72
123
60
195
66
187
200
119
100
133
98
105
175
144
68
92
149
164
170
73
180
154
129
93
107
185
173
174
112
127
156
162
91
61
54
128
184
196
67
108
84
157
168
85
80
189
104
190
192
118
57
116
165
141
96
114
48
135
166
160
103
111
94
78
161
63
46
172
83
102
65
88
171
153
47
152
150
148
109
95
194
15
56
183
79
176
77
49
178
44
43
64
191
138
45
12
159
90
19
3
136
59
70
163
86
33
17
5
99
35
52
42
158
53
6
125
193
26
8
30
37
122
34
89
2
69
82
139
134
40
4
11
22
27
106
75
31
121
58
10
131
50
41
25
101
18
124
14
21
62
1
137
147
7
38
36
20
24
155
13
16
28
23
9
39
120
29
179
32
