90
25
70
102
151
40
149
130
15
115
109
101
162
62
167
57
10
172
153
60
5
127
32
30
108
100
187
155
74
116
188
134
81
112
197
133
166
66
94
138
147
29
2
185
18
99
92
122
104
110
164
75
145
192
36
105
48
158
129
42
85
38
168
71
43
33
12
136
124
195
189
98
53
175
47
178
26
17
154
67
142
194
139
58
16
13
191
34
68
50
137
73
128
11
64
181
69
200
82
19
59
46
83
199
177
140
186
176
131
198
61
97
39
6
171
28
80
23
54
93
35
196
14
169
3
132
174
144
125
84
37
56
45
157
179
78
9
96
44
121
20
156
41
161
159
180
163
160
21
123
79
173
22
8
89
72
52
193
113
76
86
111
31
182
77
88
120
1
141
148
65
165
107
152
49
170
184
87
103
106
190
55
183
95
51
146
7
126
24
27
135
91
63
4
118
117
150
119
114
143
