32
134
187
164
49
67
69
63
153
124
71
172
80
125
177
100
158
17
137
139
29
178
10
97
136
70
4
154
109
110
142
55
155
163
16
106
38
188
107
14
191
192
126
131
13
96
195
34
86
72
102
84
128
179
98
85
176
39
193
149
68
161
53
61
60
20
159
162
103
15
81
111
24
133
118
120
23
144
56
28
21
122
151
19
5
79
199
45
99
3
190
200
168
65
35
59
18
42
12
44
147
50
138
30
31
88
145
121
129
183
198
141
165
170
33
108
76
41
47
95
25
26
114
77
9
89
182
113
150
160
104
6
37
74
115
197
51
82
132
62
58
196
152
46
90
8
