2
95
162
41
97
65
38
99
136
36
42
25
139
5
77
109
10
119
53
13
28
20
11
125
84
52
48
82
143
122
73
64
118
33
74
58
93
111
120
68
129
105
66
71
24
54
26
55
103
34
133
108
46
102
78
137
44
89
61
147
70
43
132
123
128
57
49
50
90
141
151
135
157
75
56
69
106
63
107
116
88
124
67
86
94
121
149
104
80
81
112
131
146
100
110
96
130
115
138
114
152
92
165
153
40
156
101
170
127
160
154
126
159
158
113
144
19
164
23
30
47
117
148
145
15
72
7
163
161
155
12
150
60
142
134
87
3
18
51
91
140
35
6
21
1
76
16
45
32
17
29
27
62
37
83
169
31
14
22
39
